
==================================================
Начало: 2026-01-04 07:40:46.368215
Таймаут: 0.25 часов
==================================================

[Время: 2026-01-04 07:40:56.802449] [Прошло: 0:00:10.434234]
Итерация 1 - Параметры: n=1000, r=10
Loading submission.csv...
Loaded 200 configs (N=1 to N=200).
Initial Total Score: 70.897092

Starting parallel optimization on 200 configurations.
Using 4 threads (Max Concurrency).

[3] n= 83: 0.356014570528 -> 0.356014545667 (0.0000% better) 🏆
[0] n=111: 0.345119618198 -> 0.345118859598 (0.0002% better) 🏆
[0] n=107: 0.346235106577 -> 0.346234704539 (0.0001% better) 🏆
[3] n= 71: 0.352255382628 -> 0.352255274151 (0.0000% better) 🏆
[3] n= 68: 0.353649642961 -> 0.353649360639 (0.0001% better) 🏆
[3] n= 66: 0.358946460548 -> 0.358946204213 (0.0001% better) 🏆
[2] n=181: 0.330200318761 -> 0.330199412433 (0.0003% better) 🏆
[3] n= 64: 0.350473383520 -> 0.350473383383 (0.0000% better) 🏆
[2] n=177: 0.337302986613 -> 0.337302684035 (0.0001% better) 🏆
[0] n= 92: 0.353218796955 -> 0.353218735567 (0.0000% better) 🏆
[1] n=128: 0.344149316311 -> 0.344146904292 (0.0007% better) 🏆
[2] n=153: 0.336333785325 -> 0.336333504299 (0.0001% better) 🏆
[2] n=152: 0.338546404126 -> 0.338546172470 (0.0001% better) 🏆
[1] n=121: 0.351592553408 -> 0.351592535840 (0.0000% better) 🏆

========================================
Optimization Complete
Initial Score: 70.897092480731
Final Score:   70.897086435399
Improvement:   0.000006045332 (0.00%)
Total Time:    40.3s
========================================
Saved results to: submission.csv

✓ Сохранено: bbox_sub/submi-n1000_r10_i1.csv
---

[Время: 2026-01-04 07:41:47.419483] [Прошло: 0:01:01.051268]
Итерация 2 - Параметры: n=1100, r=10
Loading submission.csv...
Loaded 200 configs (N=1 to N=200).
Initial Total Score: 70.897086

Starting parallel optimization on 200 configurations.
Using 4 threads (Max Concurrency).

[1] n=110: 0.337619638694 -> 0.337619265197 (0.0001% better) 🏆
[1] n=108: 0.343595869397 -> 0.343595808804 (0.0000% better) 🏆
[1] n=101: 0.350485468232 -> 0.350485237697 (0.0001% better) 🏆
[3] n= 68: 0.353649360639 -> 0.353649231357 (0.0000% better) 🏆
[3] n= 65: 0.363827957799 -> 0.363827592559 (0.0001% better) 🏆
[2] n=178: 0.335408729016 -> 0.335408225456 (0.0002% better) 🏆
[1] n= 93: 0.354494662279 -> 0.354494625525 (0.0000% better) 🏆
[2] n=172: 0.340957031836 -> 0.340956938165 (0.0000% better) 🏆
[0] n=135: 0.347708753939 -> 0.347708435591 (0.0001% better) 🏆
[2] n=163: 0.337614256291 -> 0.337614178027 (0.0000% better) 🏆
[0] n=130: 0.338922130838 -> 0.338921836340 (0.0001% better) 🏆
[1] n=  8: 0.385412521301 -> 0.385412485221 (0.0000% better) 🏆
[0] n=121: 0.351592535840 -> 0.351592399431 (0.0000% better) 🏆
[0] n=114: 0.345638721835 -> 0.345638702981 (0.0000% better) 🏆

========================================
Optimization Complete
Initial Score: 70.897086435399
Final Score:   70.897083759814
Improvement:   0.000002675585 (0.00%)
Total Time:    39.7s
========================================
Saved results to: submission.csv

✓ Сохранено: bbox_sub/submi-n1100_r10_i2.csv
---

[Время: 2026-01-04 07:42:37.562454] [Прошло: 0:01:51.194239]
Итерация 3 - Параметры: n=1200, r=10
Loading submission.csv...
Loaded 200 configs (N=1 to N=200).
Initial Total Score: 70.897084

Starting parallel optimization on 200 configurations.
Using 4 threads (Max Concurrency).

[2] n=150: 0.337080849417 -> 0.337080847002 (0.0000% better) 🏆
[3] n= 83: 0.356014545667 -> 0.356012806082 (0.0005% better) 🏆
[2] n=147: 0.341872421458 -> 0.341872385303 (0.0000% better) 🏆
[1] n=107: 0.346234704539 -> 0.346234473716 (0.0001% better) 🏆
[2] n=145: 0.345558423676 -> 0.345558257701 (0.0000% better) 🏆
[3] n= 74: 0.358723417767 -> 0.358723255046 (0.0000% better) 🏆
[2] n=144: 0.342295673048 -> 0.342295672681 (0.0000% better) 🏆
[3] n= 71: 0.352255274151 -> 0.352255234209 (0.0000% better) 🏆
[1] n=101: 0.350485237697 -> 0.350484888216 (0.0001% better) 🏆
[2] n=142: 0.343729361454 -> 0.343729303798 (0.0000% better) 🏆
[3] n= 68: 0.353649231357 -> 0.353649164597 (0.0000% better) 🏆
[0] n=180: 0.332006387875 -> 0.332006060522 (0.0001% better) 🏆
[0] n=177: 0.337302684035 -> 0.337302103944 (0.0002% better) 🏆
[1] n= 92: 0.353218735567 -> 0.353218732978 (0.0000% better) 🏆
[0] n=169: 0.342535681013 -> 0.342535666160 (0.0000% better) 🏆
[0] n=163: 0.337614178027 -> 0.337614075275 (0.0000% better) 🏆
[2] n=130: 0.338921836340 -> 0.338921508055 (0.0001% better) 🏆
[0] n=154: 0.334173945223 -> 0.334173624307 (0.0001% better) 🏆
[0] n=153: 0.336333504299 -> 0.336333452389 (0.0000% better) 🏆
[1] n=  8: 0.385412485221 -> 0.385412473770 (0.0000% better) 🏆

========================================
Optimization Complete
Initial Score: 70.897083759814
Final Score:   70.897079167735
Improvement:   0.000004592079 (0.00%)
Total Time:    40.4s
========================================
Saved results to: submission.csv

✓ Сохранено: bbox_sub/submi-n1200_r10_i3.csv
---

[Время: 2026-01-04 07:43:28.557029] [Прошло: 0:02:42.188814]
Итерация 4 - Параметры: n=1300, r=10
Loading submission.csv...
Loaded 200 configs (N=1 to N=200).
Initial Total Score: 70.897079

Starting parallel optimization on 200 configurations.
Using 4 threads (Max Concurrency).

[2] n= 84: 0.352165178639 -> 0.352164223091 (0.0003% better) 🏆
[2] n= 83: 0.356012806082 -> 0.356012801867 (0.0000% better) 🏆
[0] n=144: 0.342295672681 -> 0.342295634903 (0.0000% better) 🏆
[3] n=101: 0.350484888216 -> 0.350484380365 (0.0001% better) 🏆
[2] n= 74: 0.358723255046 -> 0.358723246694 (0.0000% better) 🏆
[1] n=177: 0.337302103944 -> 0.337302096739 (0.0000% better) 🏆
[1] n=163: 0.337614075275 -> 0.337614023348 (0.0000% better) 🏆
[3] n= 87: 0.355304096143 -> 0.355302863854 (0.0003% better) 🏆

========================================
Optimization Complete
Initial Score: 70.897079167735
Final Score:   70.897076362569
Improvement:   0.000002805166 (0.00%)
Total Time:    41.8s
========================================
Saved results to: submission.csv

✓ Сохранено: bbox_sub/submi-n1300_r10_i4.csv
---

[Время: 2026-01-04 07:44:20.961235] [Прошло: 0:03:34.593020]
Итерация 5 - Параметры: n=1400, r=10
Loading submission.csv...
Loaded 200 configs (N=1 to N=200).
Initial Total Score: 70.897076

Starting parallel optimization on 200 configurations.
Using 4 threads (Max Concurrency).

[2] n=111: 0.345118859598 -> 0.345116366112 (0.0007% better) 🏆
[2] n=110: 0.337619265197 -> 0.337619193825 (0.0000% better) 🏆
[1] n= 76: 0.352611849547 -> 0.352611825447 (0.0000% better) 🏆
[3] n=179: 0.333598411939 -> 0.333598328264 (0.0000% better) 🏆
[1] n= 66: 0.358946204213 -> 0.358945979764 (0.0001% better) 🏆
[1] n= 65: 0.363827592559 -> 0.363827430241 (0.0000% better) 🏆
[2] n= 92: 0.353218732978 -> 0.353218706760 (0.0000% better) 🏆
[2] n= 89: 0.348127391300 -> 0.348127297828 (0.0000% better) 🏆
[3] n=158: 0.343862007081 -> 0.343861730786 (0.0001% better) 🏆

========================================
Optimization Complete
Initial Score: 70.897076362569
Final Score:   70.897072907184
Improvement:   0.000003455385 (0.00%)
Total Time:    41.8s
========================================
Saved results to: submission.csv

✓ Сохранено: bbox_sub/submi-n1400_r10_i5.csv
---

[Время: 2026-01-04 07:45:13.335486] [Прошло: 0:04:26.967271]
Итерация 6 - Параметры: n=1500, r=10
Loading submission.csv...
Loaded 200 configs (N=1 to N=200).
Initial Total Score: 70.897073

Starting parallel optimization on 200 configurations.
Using 4 threads (Max Concurrency).

[3] n=111: 0.345116366112 -> 0.345116043035 (0.0001% better) 🏆
[2] n=179: 0.333598328264 -> 0.333596782733 (0.0005% better) 🏆
[0] n=135: 0.347708435591 -> 0.347707990132 (0.0001% better) 🏆
[0] n=131: 0.337854888331 -> 0.337854837639 (0.0000% better) 🏆
[0] n=130: 0.338921508055 -> 0.338921148407 (0.0001% better) 🏆
[2] n=151: 0.340356711218 -> 0.340356691636 (0.0000% better) 🏆

========================================
Optimization Complete
Initial Score: 70.897072907184
Final Score:   70.897070163193
Improvement:   0.000002743990 (0.00%)
Total Time:    42.5s
========================================
Saved results to: submission.csv

✓ Сохранено: bbox_sub/submi-n1500_r10_i6.csv
---

[Время: 2026-01-04 07:46:06.285863] [Прошло: 0:05:19.917648]
Итерация 7 - Параметры: n=1600, r=10
Loading submission.csv...
Loaded 200 configs (N=1 to N=200).
Initial Total Score: 70.897070

Starting parallel optimization on 200 configurations.
Using 4 threads (Max Concurrency).

[3] n= 83: 0.356012801867 -> 0.356012312471 (0.0001% better) 🏆
[1] n=101: 0.350484380365 -> 0.350483912500 (0.0001% better) 🏆
[1] n= 88: 0.351266749580 -> 0.351266396357 (0.0001% better) 🏆
[2] n=128: 0.344146904292 -> 0.344145546945 (0.0004% better) 🏆

========================================
Optimization Complete
Initial Score: 70.897070163193
Final Score:   70.897067495362
Improvement:   0.000002667831 (0.00%)
Total Time:    41.6s
========================================
Saved results to: submission.csv

✓ Сохранено: bbox_sub/submi-n1600_r10_i7.csv
---

[Время: 2026-01-04 07:46:58.207429] [Прошло: 0:06:11.839214]
Итерация 8 - Параметры: n=1700, r=10
Loading submission.csv...
Loaded 200 configs (N=1 to N=200).
Initial Total Score: 70.897067

Starting parallel optimization on 200 configurations.
Using 4 threads (Max Concurrency).

[2] n=172: 0.340956938165 -> 0.340956906301 (0.0000% better) 🏆
[0] n=133: 0.341821367219 -> 0.341821365872 (0.0000% better) 🏆
[2] n=158: 0.343861730786 -> 0.343861497666 (0.0001% better) 🏆
[2] n=157: 0.342786062637 -> 0.342785979824 (0.0000% better) 🏆
[2] n=153: 0.336333452389 -> 0.336333393166 (0.0000% better) 🏆
[2] n=  8: 0.385412473770 -> 0.385411957164 (0.0001% better) 🏆
[0] n=121: 0.351592399431 -> 0.351592287838 (0.0000% better) 🏆

========================================
Optimization Complete
Initial Score: 70.897067495362
Final Score:   70.897066458796
Improvement:   0.000001036566 (0.00%)
Total Time:    41.9s
========================================
Saved results to: submission.csv

✓ Сохранено: bbox_sub/submi-n1700_r10_i8.csv
---

[Время: 2026-01-04 07:47:50.669516] [Прошло: 0:07:04.301301]
Итерация 9 - Параметры: n=1800, r=10
Loading submission.csv...
Loaded 200 configs (N=1 to N=200).
Initial Total Score: 70.897066

Starting parallel optimization on 200 configurations.
Using 4 threads (Max Concurrency).

[2] n=109: 0.340572610421 -> 0.340572448997 (0.0000% better) 🏆
[2] n=101: 0.350483912500 -> 0.350483791107 (0.0000% better) 🏆
[3] n=139: 0.341496460736 -> 0.341492783680 (0.0011% better) 🏆
[1] n= 65: 0.363827430241 -> 0.363827293650 (0.0000% better) 🏆
[3] n=138: 0.343957667123 -> 0.343957331671 (0.0001% better) 🏆
[0] n=170: 0.341774829855 -> 0.341773728444 (0.0003% better) 🏆
[3] n=135: 0.347707990132 -> 0.347707954634 (0.0000% better) 🏆
[3] n=132: 0.341286169816 -> 0.341286104340 (0.0000% better) 🏆
[1] n= 49: 0.366771127585 -> 0.366771123877 (0.0000% better) 🏆
[0] n=154: 0.334173624307 -> 0.334173246135 (0.0001% better) 🏆

========================================
Optimization Complete
Initial Score: 70.897066458796
Final Score:   70.897060442615
Improvement:   0.000006016181 (0.00%)
Total Time:    44.7s
========================================
Saved results to: submission.csv

✓ Сохранено: bbox_sub/submi-n1800_r10_i9.csv
---

[Время: 2026-01-04 07:48:45.853996] [Прошло: 0:07:59.485781]
Итерация 10 - Параметры: n=1900, r=10
Loading submission.csv...
Loaded 200 configs (N=1 to N=200).
Initial Total Score: 70.897060

Starting parallel optimization on 200 configurations.
Using 4 threads (Max Concurrency).

[3] n=111: 0.345116043035 -> 0.345116015401 (0.0000% better) 🏆
[2] n=180: 0.332006060522 -> 0.332006036998 (0.0000% better) 🏆
[2] n=178: 0.335408225456 -> 0.335408218598 (0.0000% better) 🏆
[3] n= 90: 0.344666878117 -> 0.344666771279 (0.0000% better) 🏆
[1] n=132: 0.341286104340 -> 0.341284927088 (0.0003% better) 🏆
[1] n=131: 0.337854837639 -> 0.337852913493 (0.0006% better) 🏆
[1] n=128: 0.344145546945 -> 0.344145514724 (0.0000% better) 🏆

========================================
Optimization Complete
Initial Score: 70.897060442615
Final Score:   70.897057144140
Improvement:   0.000003298475 (0.00%)
Total Time:    45.2s
========================================
Saved results to: submission.csv

✓ Сохранено: bbox_sub/submi-n1900_r10_i10.csv
---

[Время: 2026-01-04 07:49:41.499097] [Прошло: 0:08:55.130882]
Итерация 11 - Параметры: n=2000, r=10
Loading submission.csv...
Loaded 200 configs (N=1 to N=200).
Initial Total Score: 70.897057

Starting parallel optimization on 200 configurations.
Using 4 threads (Max Concurrency).

[1] n=136: 0.345830376729 -> 0.345829843335 (0.0002% better) 🏆
[3] n= 57: 0.365164569692 -> 0.365164548270 (0.0000% better) 🏆
[1] n=131: 0.337852913493 -> 0.337850868137 (0.0006% better) 🏆
[0] n= 88: 0.351266396357 -> 0.351265761283 (0.0002% better) 🏆
[2] n=153: 0.336333393166 -> 0.336333333792 (0.0000% better) 🏆
[1] n=128: 0.344145514724 -> 0.344145462289 (0.0000% better) 🏆

========================================
Optimization Complete
Initial Score: 70.897057144140
Final Score:   70.897053797084
Improvement:   0.000003347056 (0.00%)
Total Time:    45.4s
========================================
Saved results to: submission.csv

✓ Сохранено: bbox_sub/submi-n2000_r10_i11.csv
---

[Время: 2026-01-04 07:50:37.373628] [Прошло: 0:09:51.005413]
Итерация 12 - Параметры: n=1000, r=20
Loading submission.csv...
Loaded 200 configs (N=1 to N=200).
Initial Total Score: 70.897054

Starting parallel optimization on 200 configurations.
Using 4 threads (Max Concurrency).

[3] n= 84: 0.352164223091 -> 0.352164091816 (0.0000% better) 🏆
[1] n=112: 0.348988561364 -> 0.348988513362 (0.0000% better) 🏆
[2] n=150: 0.337080847002 -> 0.337080760565 (0.0000% better) 🏆
[0] n=163: 0.337614023348 -> 0.337613986839 (0.0000% better) 🏆
[0] n=158: 0.343861497666 -> 0.343861166997 (0.0001% better) 🏆
[0] n=153: 0.336333333792 -> 0.336333238705 (0.0000% better) 🏆
[3] n= 65: 0.363827293650 -> 0.363827261444 (0.0000% better) 🏆
[2] n=131: 0.337850868137 -> 0.337850857310 (0.0000% better) 🏆
[2] n=114: 0.345638702981 -> 0.345638676443 (0.0000% better) 🏆

========================================
Optimization Complete
Initial Score: 70.897053797084
Final Score:   70.897052999533
Improvement:   0.000000797550 (0.00%)
Total Time:    73.0s
========================================
Saved results to: submission.csv

✓ Сохранено: bbox_sub/submi-n1000_r20_i12.csv
---

[Время: 2026-01-04 07:52:00.894652] [Прошло: 0:11:14.526437]
Итерация 13 - Параметры: n=1100, r=20
Loading submission.csv...
Loaded 200 configs (N=1 to N=200).
Initial Total Score: 70.897053

Starting parallel optimization on 200 configurations.
Using 4 threads (Max Concurrency).

[3] n= 84: 0.352164091816 -> 0.352163707101 (0.0001% better) 🏆
[0] n=111: 0.345116015401 -> 0.345115904824 (0.0000% better) 🏆
[0] n=108: 0.343595808804 -> 0.343595776660 (0.0000% better) 🏆
[1] n=180: 0.332006036998 -> 0.332004908086 (0.0003% better) 🏆
[2] n=145: 0.345558257701 -> 0.345558250905 (0.0000% better) 🏆
[1] n=169: 0.342535666160 -> 0.342535588053 (0.0000% better) 🏆
[2] n=142: 0.343729303798 -> 0.343729282434 (0.0000% better) 🏆
[1] n=158: 0.343861166997 -> 0.343860971745 (0.0001% better) 🏆
[0] n=101: 0.350483791107 -> 0.350483739758 (0.0000% better) 🏆
[3] n= 66: 0.358945979764 -> 0.358945942754 (0.0000% better) 🏆
[0] n= 92: 0.353218706760 -> 0.353218688727 (0.0000% better) 🏆
[2] n=131: 0.337850857310 -> 0.337850508440 (0.0001% better) 🏆

========================================
Optimization Complete
Initial Score: 70.897052999533
Final Score:   70.897050586403
Improvement:   0.000002413130 (0.00%)
Total Time:    74.8s
========================================
Saved results to: submission.csv

✓ Сохранено: bbox_sub/submi-n1100_r20_i13.csv
---

[Время: 2026-01-04 07:53:26.128294] [Прошло: 0:12:39.760079]
Итерация 14 - Параметры: n=1200, r=20
Loading submission.csv...
Loaded 200 configs (N=1 to N=200).
Initial Total Score: 70.897051

Starting parallel optimization on 200 configurations.
Using 4 threads (Max Concurrency).

[0] n=149: 0.338785706022 -> 0.338785623041 (0.0000% better) 🏆
[0] n=148: 0.339872694959 -> 0.339872679045 (0.0000% better) 🏆
[2] n=180: 0.332004908086 -> 0.332004743143 (0.0000% better) 🏆
[2] n= 59: 0.362623344219 -> 0.362623186331 (0.0000% better) 🏆
[3] n= 93: 0.354494625525 -> 0.354494543201 (0.0000% better) 🏆
[1] n=  8: 0.385411957164 -> 0.385411781996 (0.0000% better) 🏆
[0] n=131: 0.337850508440 -> 0.337849906033 (0.0002% better) 🏆

========================================
Optimization Complete
Initial Score: 70.897050586403
Final Score:   70.897049304779
Improvement:   0.000001281624 (0.00%)
Total Time:    75.6s
========================================
Saved results to: submission.csv

✓ Сохранено: bbox_sub/submi-n1200_r20_i14.csv
---

[Время: 2026-01-04 07:54:52.191960] [Прошло: 0:14:05.823745]
Итерация 15 - Параметры: n=1300, r=20
Loading submission.csv...
Loaded 200 configs (N=1 to N=200).
Initial Total Score: 70.897049

Starting parallel optimization on 200 configurations.
Using 4 threads (Max Concurrency).

[1] n= 83: 0.356012312471 -> 0.356011556723 (0.0002% better) 🏆
[3] n=111: 0.345115904824 -> 0.345115745968 (0.0000% better) 🏆
[0] n=180: 0.332004743143 -> 0.332003400735 (0.0004% better) 🏆
[1] n= 74: 0.358723246694 -> 0.358722426677 (0.0002% better) 🏆
[0] n=169: 0.342535588053 -> 0.342535325088 (0.0001% better) 🏆
[0] n=157: 0.342785979824 -> 0.342785955590 (0.0000% better) 🏆
[0] n=152: 0.338546172470 -> 0.338546112858 (0.0000% better) 🏆
[2] n=134: 0.349759281326 -> 0.349759221230 (0.0000% better) 🏆
[2] n=133: 0.341821365872 -> 0.341821342850 (0.0000% better) 🏆
[1] n=  8: 0.385411781996 -> 0.385411602207 (0.0000% better) 🏆
[3] n= 87: 0.355302863854 -> 0.355302187940 (0.0002% better) 🏆
[2] n=131: 0.337849906033 -> 0.337847914047 (0.0006% better) 🏆

========================================
Optimization Complete
Initial Score: 70.897049304779
Final Score:   70.897042950134
Improvement:   0.000006354645 (0.00%)
Total Time:    76.1s
========================================
Saved results to: submission.csv

✓ Сохранено: bbox_sub/submi-n1300_r20_i15.csv
---

⏰ ВРЕМЯ ИСТЕКЛО! Прошло 0:15:32.381216
Завершаем выполнение...
